{"code":"ECONNREFUSED","level":"error","message":"Redis connection error:","stack":"AggregateError [ECONNREFUSED]: \n    at internalConnectMultiple (node:net:1134:18)\n    at afterConnectMultiple (node:net:1715:7)","timestamp":"2025-12-23T15:21:39.980Z"}
{"level":"error","message":"Unable to connect to the database: role \"postgres\" does not exist","name":"SequelizeConnectionError","original":{"code":"28000","file":"miscinit.c","length":100,"line":"755","name":"error","routine":"InitializeSessionUserId","severity":"FATAL"},"parent":{"code":"28000","file":"miscinit.c","length":100,"line":"755","name":"error","routine":"InitializeSessionUserId","severity":"FATAL"},"stack":"SequelizeConnectionError: role \"postgres\" does not exist\n    at Client._connectionCallback (/Volumes/Ex-MAC/project/ecommerce/ecommerce-backend/node_modules/sequelize/lib/dialects/postgres/connection-manager.js:145:24)\n    at Client._handleErrorWhileConnecting (/Volumes/Ex-MAC/project/ecommerce/ecommerce-backend/node_modules/pg/lib/client.js:336:19)\n    at Client._handleErrorMessage (/Volumes/Ex-MAC/project/ecommerce/ecommerce-backend/node_modules/pg/lib/client.js:356:19)\n    at Connection.emit (node:events:507:28)\n    at /Volumes/Ex-MAC/project/ecommerce/ecommerce-backend/node_modules/pg/lib/connection.js:116:12\n    at Parser.parse (/Volumes/Ex-MAC/project/ecommerce/ecommerce-backend/node_modules/pg-protocol/dist/parser.js:36:17)\n    at Socket.<anonymous> (/Volumes/Ex-MAC/project/ecommerce/ecommerce-backend/node_modules/pg-protocol/dist/index.js:11:42)\n    at Socket.emit (node:events:507:28)\n    at addChunk (node:internal/streams/readable:559:12)\n    at readableAddChunkPushByteMode (node:internal/streams/readable:510:3)","timestamp":"2025-12-23T15:21:39.992Z"}
{"code":"ECONNREFUSED","level":"error","message":"Redis connection error:","stack":"AggregateError [ECONNREFUSED]: \n    at internalConnectMultiple (node:net:1134:18)\n    at afterConnectMultiple (node:net:1715:7)","timestamp":"2025-12-23T15:22:09.652Z"}
{"level":"info","message":"Redis connected successfully","timestamp":"2025-12-23T15:24:57.930Z"}
{"level":"error","message":"Unable to connect to the database: role \"postgres\" does not exist","name":"SequelizeConnectionError","original":{"code":"28000","file":"miscinit.c","length":100,"line":"755","name":"error","routine":"InitializeSessionUserId","severity":"FATAL"},"parent":{"code":"28000","file":"miscinit.c","length":100,"line":"755","name":"error","routine":"InitializeSessionUserId","severity":"FATAL"},"stack":"SequelizeConnectionError: role \"postgres\" does not exist\n    at Client._connectionCallback (/Volumes/Ex-MAC/project/ecommerce/ecommerce-backend/node_modules/sequelize/lib/dialects/postgres/connection-manager.js:145:24)\n    at Client._handleErrorWhileConnecting (/Volumes/Ex-MAC/project/ecommerce/ecommerce-backend/node_modules/pg/lib/client.js:336:19)\n    at Client._handleErrorMessage (/Volumes/Ex-MAC/project/ecommerce/ecommerce-backend/node_modules/pg/lib/client.js:356:19)\n    at Connection.emit (node:events:507:28)\n    at /Volumes/Ex-MAC/project/ecommerce/ecommerce-backend/node_modules/pg/lib/connection.js:116:12\n    at Parser.parse (/Volumes/Ex-MAC/project/ecommerce/ecommerce-backend/node_modules/pg-protocol/dist/parser.js:36:17)\n    at Socket.<anonymous> (/Volumes/Ex-MAC/project/ecommerce/ecommerce-backend/node_modules/pg-protocol/dist/index.js:11:42)\n    at Socket.emit (node:events:507:28)\n    at addChunk (node:internal/streams/readable:559:12)\n    at readableAddChunkPushByteMode (node:internal/streams/readable:510:3)","timestamp":"2025-12-23T15:24:57.936Z"}
{"level":"info","message":"Redis connected successfully","timestamp":"2025-12-23T15:56:13.754Z"}
{"level":"error","message":"Unable to connect to the database: role \"postgres\" does not exist","name":"SequelizeConnectionError","original":{"code":"28000","file":"miscinit.c","length":100,"line":"755","name":"error","routine":"InitializeSessionUserId","severity":"FATAL"},"parent":{"code":"28000","file":"miscinit.c","length":100,"line":"755","name":"error","routine":"InitializeSessionUserId","severity":"FATAL"},"stack":"SequelizeConnectionError: role \"postgres\" does not exist\n    at Client._connectionCallback (/Volumes/Ex-MAC/project/ecommerce/ecommerce-backend/node_modules/sequelize/lib/dialects/postgres/connection-manager.js:145:24)\n    at Client._handleErrorWhileConnecting (/Volumes/Ex-MAC/project/ecommerce/ecommerce-backend/node_modules/pg/lib/client.js:336:19)\n    at Client._handleErrorMessage (/Volumes/Ex-MAC/project/ecommerce/ecommerce-backend/node_modules/pg/lib/client.js:356:19)\n    at Connection.emit (node:events:507:28)\n    at /Volumes/Ex-MAC/project/ecommerce/ecommerce-backend/node_modules/pg/lib/connection.js:116:12\n    at Parser.parse (/Volumes/Ex-MAC/project/ecommerce/ecommerce-backend/node_modules/pg-protocol/dist/parser.js:36:17)\n    at Socket.<anonymous> (/Volumes/Ex-MAC/project/ecommerce/ecommerce-backend/node_modules/pg-protocol/dist/index.js:11:42)\n    at Socket.emit (node:events:507:28)\n    at addChunk (node:internal/streams/readable:559:12)\n    at readableAddChunkPushByteMode (node:internal/streams/readable:510:3)","timestamp":"2025-12-23T15:56:13.761Z"}
{"level":"info","message":"Redis connected successfully","timestamp":"2025-12-23T16:02:34.687Z"}
{"level":"error","message":"Unable to connect to the database: role \"postgres\" does not exist","name":"SequelizeConnectionError","original":{"code":"28000","file":"miscinit.c","length":100,"line":"755","name":"error","routine":"InitializeSessionUserId","severity":"FATAL"},"parent":{"code":"28000","file":"miscinit.c","length":100,"line":"755","name":"error","routine":"InitializeSessionUserId","severity":"FATAL"},"stack":"SequelizeConnectionError: role \"postgres\" does not exist\n    at Client._connectionCallback (/Volumes/Ex-MAC/project/ecommerce/ecommerce-backend/node_modules/sequelize/lib/dialects/postgres/connection-manager.js:145:24)\n    at Client._handleErrorWhileConnecting (/Volumes/Ex-MAC/project/ecommerce/ecommerce-backend/node_modules/pg/lib/client.js:336:19)\n    at Client._handleErrorMessage (/Volumes/Ex-MAC/project/ecommerce/ecommerce-backend/node_modules/pg/lib/client.js:356:19)\n    at Connection.emit (node:events:507:28)\n    at /Volumes/Ex-MAC/project/ecommerce/ecommerce-backend/node_modules/pg/lib/connection.js:116:12\n    at Parser.parse (/Volumes/Ex-MAC/project/ecommerce/ecommerce-backend/node_modules/pg-protocol/dist/parser.js:36:17)\n    at Socket.<anonymous> (/Volumes/Ex-MAC/project/ecommerce/ecommerce-backend/node_modules/pg-protocol/dist/index.js:11:42)\n    at Socket.emit (node:events:507:28)\n    at addChunk (node:internal/streams/readable:559:12)\n    at readableAddChunkPushByteMode (node:internal/streams/readable:510:3)","timestamp":"2025-12-23T16:02:34.691Z"}
{"level":"info","message":"Redis connected successfully","timestamp":"2025-12-24T12:37:42.515Z"}
{"level":"error","message":"Unable to connect to the database: role \"postgres\" does not exist","name":"SequelizeConnectionError","original":{"code":"28000","file":"miscinit.c","length":100,"line":"755","name":"error","routine":"InitializeSessionUserId","severity":"FATAL"},"parent":{"code":"28000","file":"miscinit.c","length":100,"line":"755","name":"error","routine":"InitializeSessionUserId","severity":"FATAL"},"stack":"SequelizeConnectionError: role \"postgres\" does not exist\n    at Client._connectionCallback (/Volumes/Ex-MAC/project/ecommerce/ecommerce-backend/node_modules/sequelize/lib/dialects/postgres/connection-manager.js:145:24)\n    at Client._handleErrorWhileConnecting (/Volumes/Ex-MAC/project/ecommerce/ecommerce-backend/node_modules/pg/lib/client.js:336:19)\n    at Client._handleErrorMessage (/Volumes/Ex-MAC/project/ecommerce/ecommerce-backend/node_modules/pg/lib/client.js:356:19)\n    at Connection.emit (node:events:507:28)\n    at /Volumes/Ex-MAC/project/ecommerce/ecommerce-backend/node_modules/pg/lib/connection.js:116:12\n    at Parser.parse (/Volumes/Ex-MAC/project/ecommerce/ecommerce-backend/node_modules/pg-protocol/dist/parser.js:36:17)\n    at Socket.<anonymous> (/Volumes/Ex-MAC/project/ecommerce/ecommerce-backend/node_modules/pg-protocol/dist/index.js:11:42)\n    at Socket.emit (node:events:507:28)\n    at addChunk (node:internal/streams/readable:559:12)\n    at readableAddChunkPushByteMode (node:internal/streams/readable:510:3)","timestamp":"2025-12-24T12:37:42.523Z"}
{"level":"info","message":"Redis connected successfully","timestamp":"2025-12-24T12:40:16.808Z"}
{"level":"debug","message":"Executing (default): SELECT 1+1 AS result","timestamp":"2025-12-24T12:40:16.878Z"}
{"level":"info","message":"Database connection established successfully.","timestamp":"2025-12-24T12:40:16.880Z"}
{"level":"info","message":"🚀 Server running on port 5000","timestamp":"2025-12-24T12:40:16.881Z"}
{"level":"info","message":"Environment: development","timestamp":"2025-12-24T12:40:16.881Z"}
{"level":"info","message":"Redis connected successfully","timestamp":"2025-12-24T12:43:14.830Z"}
{"level":"debug","message":"Executing (default): SELECT 1+1 AS result","timestamp":"2025-12-24T12:43:14.951Z"}
{"level":"info","message":"Database connection established successfully.","timestamp":"2025-12-24T12:43:14.951Z"}
{"level":"info","message":"🚀 Server running on port 5000","timestamp":"2025-12-24T12:43:14.952Z"}
{"level":"info","message":"Environment: development","timestamp":"2025-12-24T12:43:14.952Z"}
{"level":"warn","message":"Email configuration error (emails will not be sent):","timestamp":"2025-12-24T12:43:17.285Z"}
{"level":"warn","message":"To fix: Update EMAIL_USER and EMAIL_PASSWORD in .env file","timestamp":"2025-12-24T12:43:17.285Z"}
{"level":"info","message":"Redis connected successfully","timestamp":"2025-12-24T12:43:21.084Z"}
{"level":"debug","message":"Executing (default): SELECT 1+1 AS result","timestamp":"2025-12-24T12:43:21.100Z"}
{"level":"info","message":"Database connection established successfully.","timestamp":"2025-12-24T12:43:21.100Z"}
{"level":"info","message":"🚀 Server running on port 5000","timestamp":"2025-12-24T12:43:21.101Z"}
{"level":"info","message":"Environment: development","timestamp":"2025-12-24T12:43:21.101Z"}
{"level":"warn","message":"Email configuration error (emails will not be sent):","timestamp":"2025-12-24T12:43:23.770Z"}
{"level":"warn","message":"To fix: Update EMAIL_USER and EMAIL_PASSWORD in .env file","timestamp":"2025-12-24T12:43:23.771Z"}
{"level":"info","message":"Redis connected successfully","timestamp":"2025-12-24T12:43:35.267Z"}
{"level":"debug","message":"Executing (default): SELECT 1+1 AS result","timestamp":"2025-12-24T12:43:35.283Z"}
{"level":"info","message":"Database connection established successfully.","timestamp":"2025-12-24T12:43:35.284Z"}
{"level":"info","message":"🚀 Server running on port 5000","timestamp":"2025-12-24T12:43:35.285Z"}
{"level":"info","message":"Environment: development","timestamp":"2025-12-24T12:43:35.285Z"}
{"level":"warn","message":"Email configuration error (emails will not be sent):","timestamp":"2025-12-24T12:43:38.090Z"}
{"level":"warn","message":"To fix: Update EMAIL_USER and EMAIL_PASSWORD in .env file","timestamp":"2025-12-24T12:43:38.091Z"}
{"level":"info","message":"Redis connected successfully","timestamp":"2025-12-24T12:59:43.177Z"}
{"level":"debug","message":"Executing (default): SELECT 1+1 AS result","timestamp":"2025-12-24T12:59:43.197Z"}
{"level":"info","message":"Database connection established successfully.","timestamp":"2025-12-24T12:59:43.198Z"}
{"level":"info","message":"🚀 Server running on port 5000","timestamp":"2025-12-24T12:59:43.198Z"}
{"level":"info","message":"Environment: development","timestamp":"2025-12-24T12:59:43.198Z"}
{"level":"info","message":"Email server is ready","timestamp":"2025-12-24T12:59:45.608Z"}
{"level":"info","message":"Redis connected successfully","timestamp":"2025-12-24T13:01:21.195Z"}
{"level":"debug","message":"Executing (default): SELECT 1+1 AS result","timestamp":"2025-12-24T13:01:21.215Z"}
{"level":"info","message":"Database connection established successfully.","timestamp":"2025-12-24T13:01:21.215Z"}
{"level":"info","message":"🚀 Server running on port 5000","timestamp":"2025-12-24T13:01:21.216Z"}
{"level":"info","message":"Environment: development","timestamp":"2025-12-24T13:01:21.216Z"}
{"level":"info","message":"Email server is ready","timestamp":"2025-12-24T13:01:23.277Z"}
{"level":"info","message":"Redis connected successfully","timestamp":"2025-12-24T13:01:43.960Z"}
{"level":"debug","message":"Executing (default): SELECT 1+1 AS result","timestamp":"2025-12-24T13:01:43.978Z"}
{"level":"info","message":"Database connection established successfully.","timestamp":"2025-12-24T13:01:43.979Z"}
{"level":"info","message":"🚀 Server running on port 5001","timestamp":"2025-12-24T13:01:43.979Z"}
{"level":"info","message":"Environment: development","timestamp":"2025-12-24T13:01:43.979Z"}
{"level":"info","message":"Email server is ready","timestamp":"2025-12-24T13:01:45.891Z"}
{"level":"info","message":"::1 - - [24/Dec/2025:13:01:53 +0000] \"GET /api/auth HTTP/1.1\" 404 45 \"-\" \"Mozilla/5.0 (Macintosh; Intel Mac OS X 10_15_7) AppleWebKit/537.36 (KHTML, like Gecko) Chrome/143.0.0.0 Safari/537.36\"","timestamp":"2025-12-24T13:01:53.492Z"}
{"level":"info","message":"::1 - - [24/Dec/2025:13:01:54 +0000] \"GET /favicon.ico HTTP/1.1\" 404 45 \"-\" \"Mozilla/5.0 (Macintosh; Intel Mac OS X 10_15_7) AppleWebKit/537.36 (KHTML, like Gecko) Chrome/143.0.0.0 Safari/537.36\"","timestamp":"2025-12-24T13:01:54.160Z"}
{"level":"debug","message":"Executing (default): SELECT count(\"Product\".\"id\") AS \"count\" FROM \"products\" AS \"Product\" LEFT OUTER JOIN \"categories\" AS \"category\" ON \"Product\".\"categoryId\" = \"category\".\"id\" WHERE \"Product\".\"isActive\" = true;","timestamp":"2025-12-24T13:17:02.444Z"}
{"level":"debug","message":"Executing (default): SELECT \"Product\".\"id\", \"Product\".\"name\", \"Product\".\"slug\", \"Product\".\"description\", \"Product\".\"price\", \"Product\".\"discountPrice\", \"Product\".\"stockQuantity\", \"Product\".\"categoryId\", \"Product\".\"images\", \"Product\".\"attributes\", \"Product\".\"sku\", \"Product\".\"isActive\", \"Product\".\"views\", \"Product\".\"createdAt\", \"Product\".\"updatedAt\", \"category\".\"id\" AS \"category.id\", \"category\".\"name\" AS \"category.name\", \"category\".\"slug\" AS \"category.slug\" FROM \"products\" AS \"Product\" LEFT OUTER JOIN \"categories\" AS \"category\" ON \"Product\".\"categoryId\" = \"category\".\"id\" WHERE \"Product\".\"isActive\" = true ORDER BY \"Product\".\"createdAt\" DESC LIMIT 20 OFFSET 0;","timestamp":"2025-12-24T13:17:02.444Z"}
{"level":"error","message":"Get products error: relation \"products\" does not exist","name":"SequelizeDatabaseError","original":{"code":"42P01","file":"parse_relation.c","length":108,"line":"1384","name":"error","position":"444","routine":"parserOpenTable","severity":"ERROR","sql":"SELECT \"Product\".\"id\", \"Product\".\"name\", \"Product\".\"slug\", \"Product\".\"description\", \"Product\".\"price\", \"Product\".\"discountPrice\", \"Product\".\"stockQuantity\", \"Product\".\"categoryId\", \"Product\".\"images\", \"Product\".\"attributes\", \"Product\".\"sku\", \"Product\".\"isActive\", \"Product\".\"views\", \"Product\".\"createdAt\", \"Product\".\"updatedAt\", \"category\".\"id\" AS \"category.id\", \"category\".\"name\" AS \"category.name\", \"category\".\"slug\" AS \"category.slug\" FROM \"products\" AS \"Product\" LEFT OUTER JOIN \"categories\" AS \"category\" ON \"Product\".\"categoryId\" = \"category\".\"id\" WHERE \"Product\".\"isActive\" = true ORDER BY \"Product\".\"createdAt\" DESC LIMIT 20 OFFSET 0;"},"parameters":{},"parent":{"code":"42P01","file":"parse_relation.c","length":108,"line":"1384","name":"error","position":"444","routine":"parserOpenTable","severity":"ERROR","sql":"SELECT \"Product\".\"id\", \"Product\".\"name\", \"Product\".\"slug\", \"Product\".\"description\", \"Product\".\"price\", \"Product\".\"discountPrice\", \"Product\".\"stockQuantity\", \"Product\".\"categoryId\", \"Product\".\"images\", \"Product\".\"attributes\", \"Product\".\"sku\", \"Product\".\"isActive\", \"Product\".\"views\", \"Product\".\"createdAt\", \"Product\".\"updatedAt\", \"category\".\"id\" AS \"category.id\", \"category\".\"name\" AS \"category.name\", \"category\".\"slug\" AS \"category.slug\" FROM \"products\" AS \"Product\" LEFT OUTER JOIN \"categories\" AS \"category\" ON \"Product\".\"categoryId\" = \"category\".\"id\" WHERE \"Product\".\"isActive\" = true ORDER BY \"Product\".\"createdAt\" DESC LIMIT 20 OFFSET 0;"},"sql":"SELECT \"Product\".\"id\", \"Product\".\"name\", \"Product\".\"slug\", \"Product\".\"description\", \"Product\".\"price\", \"Product\".\"discountPrice\", \"Product\".\"stockQuantity\", \"Product\".\"categoryId\", \"Product\".\"images\", \"Product\".\"attributes\", \"Product\".\"sku\", \"Product\".\"isActive\", \"Product\".\"views\", \"Product\".\"createdAt\", \"Product\".\"updatedAt\", \"category\".\"id\" AS \"category.id\", \"category\".\"name\" AS \"category.name\", \"category\".\"slug\" AS \"category.slug\" FROM \"products\" AS \"Product\" LEFT OUTER JOIN \"categories\" AS \"category\" ON \"Product\".\"categoryId\" = \"category\".\"id\" WHERE \"Product\".\"isActive\" = true ORDER BY \"Product\".\"createdAt\" DESC LIMIT 20 OFFSET 0;","stack":"Error\n    at Query.run (/Volumes/Ex-MAC/project/ecommerce/ecommerce-backend/node_modules/sequelize/lib/dialects/postgres/query.js:50:25)\n    at /Volumes/Ex-MAC/project/ecommerce/ecommerce-backend/node_modules/sequelize/lib/sequelize.js:315:28\n    at process.processTicksAndRejections (node:internal/process/task_queues:105:5)\n    at async PostgresQueryInterface.select (/Volumes/Ex-MAC/project/ecommerce/ecommerce-backend/node_modules/sequelize/lib/dialects/abstract/query-interface.js:407:12)\n    at async Product.findAll (/Volumes/Ex-MAC/project/ecommerce/ecommerce-backend/node_modules/sequelize/lib/model.js:1140:21)\n    at async Promise.all (index 1)\n    at async Product.findAndCountAll (/Volumes/Ex-MAC/project/ecommerce/ecommerce-backend/node_modules/sequelize/lib/model.js:1322:27)\n    at async getAllProducts (/Volumes/Ex-MAC/project/ecommerce/ecommerce-backend/src/controllers/product.controller.js:102:29)","timestamp":"2025-12-24T13:17:02.447Z"}
{"level":"info","message":"::1 - - [24/Dec/2025:13:17:02 +0000] \"GET /api/products HTTP/1.1\" 500 89 \"-\" \"Mozilla/5.0 (Macintosh; Intel Mac OS X 10_15_7) AppleWebKit/537.36 (KHTML, like Gecko) Chrome/143.0.0.0 Safari/537.36\"","timestamp":"2025-12-24T13:17:02.448Z"}
{"level":"info","message":"::1 - - [24/Dec/2025:13:27:16 +0000] \"GET / HTTP/1.1\" 404 45 \"-\" \"PostmanRuntime/7.51.0\"","timestamp":"2025-12-24T13:27:16.450Z"}
{"level":"info","message":"::1 - - [24/Dec/2025:13:27:38 +0000] \"GET /customer HTTP/1.1\" 404 45 \"-\" \"PostmanRuntime/7.51.0\"","timestamp":"2025-12-24T13:27:38.335Z"}
{"level":"info","message":"::1 - - [24/Dec/2025:13:27:40 +0000] \"GET /customer HTTP/1.1\" 404 45 \"-\" \"PostmanRuntime/7.51.0\"","timestamp":"2025-12-24T13:27:40.253Z"}
{"level":"info","message":"::1 - - [24/Dec/2025:13:29:19 +0000] \"GET /api/ HTTP/1.1\" 404 45 \"-\" \"PostmanRuntime/7.51.0\"","timestamp":"2025-12-24T13:29:19.385Z"}
{"level":"info","message":"::1 - - [24/Dec/2025:13:29:22 +0000] \"GET /api/ HTTP/1.1\" 404 45 \"-\" \"PostmanRuntime/7.51.0\"","timestamp":"2025-12-24T13:29:22.200Z"}
